<?xml version="1.0" encoding="UTF-8"?>
<testng-results ignored="0" total="4" passed="4" failed="0" skipped="0">
  <reporter-output>
  </reporter-output>
  <suite started-at="2024-03-18T21:07:17 IST" name="Default suite" finished-at="2024-03-18T21:09:13 IST" duration-ms="116205">
    <groups>
      <group name="cucumber">
        <method signature="AbstractTestNGCucumberTests.runScenario(io.cucumber.testng.PickleWrapper,io.cucumber.testng.FeatureWrapper)[pri:0, instance:testRunner.Runner1@5afa3c9]" name="runScenario" class="io.cucumber.testng.AbstractTestNGCucumberTests"/>
      </group> <!-- cucumber -->
    </groups>
    <test started-at="2024-03-18T21:07:17 IST" name="Default test" finished-at="2024-03-18T21:09:13 IST" duration-ms="116205">
      <class name="testRunner.Runner1">
        <test-method is-config="true" signature="setUpClass(org.testng.ITestContext)[pri:0, instance:testRunner.Runner1@5afa3c9]" started-at="2024-03-18T21:07:17 IST" name="setUpClass" finished-at="2024-03-18T21:07:19 IST" duration-ms="1528" status="PASS">
          <params>
            <param index="0">
              <value>
                <![CDATA[org.testng.TestRunner@5e0ec41f]]>
              </value>
            </param>
          </params>
          <reporter-output>
          </reporter-output>
        </test-method> <!-- setUpClass -->
        <test-method signature="runScenario(io.cucumber.testng.PickleWrapper,io.cucumber.testng.FeatureWrapper)[pri:0, instance:testRunner.Runner1@5afa3c9]" started-at="2024-03-18T21:07:19 IST" name="runScenario" description="Runs Cucumber Scenarios" data-provider="scenarios" finished-at="2024-03-18T21:08:12 IST" duration-ms="53492" status="PASS">
          <params>
            <param index="0">
              <value>
                <![CDATA["Login Functionality check with multiple data"]]>
              </value>
            </param>
            <param index="1">
              <value>
                <![CDATA["Login Functionality Feature"]]>
              </value>
            </param>
          </params>
          <reporter-output>
          </reporter-output>
        </test-method> <!-- runScenario -->
        <test-method signature="runScenario(io.cucumber.testng.PickleWrapper,io.cucumber.testng.FeatureWrapper)[pri:0, instance:testRunner.Runner1@5afa3c9]" started-at="2024-03-18T21:08:12 IST" name="runScenario" description="Runs Cucumber Scenarios" data-provider="scenarios" finished-at="2024-03-18T21:08:46 IST" duration-ms="34102" status="PASS">
          <params>
            <param index="0">
              <value>
                <![CDATA["Login Functionality check with multiple data"]]>
              </value>
            </param>
            <param index="1">
              <value>
                <![CDATA["Login Functionality Feature"]]>
              </value>
            </param>
          </params>
          <reporter-output>
          </reporter-output>
        </test-method> <!-- runScenario -->
        <test-method signature="runScenario(io.cucumber.testng.PickleWrapper,io.cucumber.testng.FeatureWrapper)[pri:0, instance:testRunner.Runner1@5afa3c9]" started-at="2024-03-18T21:08:46 IST" name="runScenario" description="Runs Cucumber Scenarios" data-provider="scenarios" finished-at="2024-03-18T21:08:56 IST" duration-ms="9357" status="PASS">
          <params>
            <param index="0">
              <value>
                <![CDATA["Login Functionality check with multiple data"]]>
              </value>
            </param>
            <param index="1">
              <value>
                <![CDATA["Login Functionality Feature"]]>
              </value>
            </param>
          </params>
          <reporter-output>
          </reporter-output>
        </test-method> <!-- runScenario -->
        <test-method signature="runScenario(io.cucumber.testng.PickleWrapper,io.cucumber.testng.FeatureWrapper)[pri:0, instance:testRunner.Runner1@5afa3c9]" started-at="2024-03-18T21:08:56 IST" name="runScenario" description="Runs Cucumber Scenarios" data-provider="scenarios" finished-at="2024-03-18T21:09:12 IST" duration-ms="16096" status="PASS">
          <params>
            <param index="0">
              <value>
                <![CDATA["Login Functionality check with multiple data"]]>
              </value>
            </param>
            <param index="1">
              <value>
                <![CDATA["Login Functionality Feature"]]>
              </value>
            </param>
          </params>
          <reporter-output>
          </reporter-output>
        </test-method> <!-- runScenario -->
        <test-method is-config="true" signature="tearDownClass()[pri:0, instance:testRunner.Runner1@5afa3c9]" started-at="2024-03-18T21:09:12 IST" name="tearDownClass" finished-at="2024-03-18T21:09:13 IST" duration-ms="1347" status="PASS">
          <reporter-output>
          </reporter-output>
        </test-method> <!-- tearDownClass -->
      </class> <!-- testRunner.Runner1 -->
    </test> <!-- Default test -->
  </suite> <!-- Default suite -->
</testng-results>
